{"level":"info","message":"🚀 Server running on port 3010","timestamp":"2025-03-16T08:51:35.404Z"}
{"level":"info","message":"✅ MongoDB Connected","timestamp":"2025-03-16T08:51:35.887Z"}
{"level":"info","message":"🚀 Server running on port 3010","timestamp":"2025-03-16T09:26:22.233Z"}
{"level":"info","message":"✅ MongoDB Connected","timestamp":"2025-03-16T09:26:22.676Z"}
{"level":"info","message":"🚀 Server running on port 3010","timestamp":"2025-03-16T09:26:55.421Z"}
{"level":"info","message":"✅ MongoDB Connected","timestamp":"2025-03-16T09:26:55.719Z"}
{"level":"info","message":"🚀 Server running on port 3010","timestamp":"2025-03-16T09:48:47.751Z"}
{"level":"info","message":"✅ MongoDB Connected","timestamp":"2025-03-16T09:48:48.075Z"}
{"level":"info","message":"🚀 Server running on port 3010","timestamp":"2025-03-16T09:49:16.613Z"}
{"level":"info","message":"✅ MongoDB Connected","timestamp":"2025-03-16T09:49:17.032Z"}
{"level":"info","message":"🚀 Server running on port 3010","timestamp":"2025-03-16T09:49:25.019Z"}
{"level":"info","message":"✅ MongoDB Connected","timestamp":"2025-03-16T09:49:25.317Z"}
{"level":"info","message":"🚀 Server running on port 3010","timestamp":"2025-03-16T09:49:36.650Z"}
{"level":"info","message":"✅ MongoDB Connected","timestamp":"2025-03-16T09:49:36.982Z"}
{"level":"info","message":"🚀 Server running on port 3010","timestamp":"2025-03-16T09:49:45.809Z"}
{"level":"info","message":"✅ MongoDB Connected","timestamp":"2025-03-16T09:49:46.139Z"}
{"level":"info","message":"🚀 Server running on port 3010","timestamp":"2025-03-16T09:50:02.946Z"}
{"level":"info","message":"✅ MongoDB Connected","timestamp":"2025-03-16T09:50:03.236Z"}
{"duration":"9ms","ip":"::1","level":"info","message":"Access Log","method":"OPTIONS","status":204,"timestamp":"2025-03-16T10:24:55.839Z","url":"/api/auth/verify","userAgent":"Mozilla/5.0 (Linux; Android 6.0; Nexus 5 Build/MRA58N) AppleWebKit/537.36 (KHTML, like Gecko) Chrome/133.0.0.0 Mobile Safari/537.36"}
{"level":"warn","message":"Invalid signature attempt for address: 0xb87d7543E47cD48c2987A3Ab545Da1ddE6c18A7c","timestamp":"2025-03-16T10:24:56.470Z"}
{"duration":"622ms","ip":"::1","level":"info","message":"Access Log","method":"POST","status":401,"timestamp":"2025-03-16T10:24:56.473Z","url":"/api/auth/verify","userAgent":"Mozilla/5.0 (Linux; Android 6.0; Nexus 5 Build/MRA58N) AppleWebKit/537.36 (KHTML, like Gecko) Chrome/133.0.0.0 Mobile Safari/537.36"}
{"duration":"1ms","ip":"::1","level":"info","message":"Access Log","method":"OPTIONS","status":204,"timestamp":"2025-03-16T10:26:36.676Z","url":"/api/auth/verify","userAgent":"Mozilla/5.0 (Linux; Android 6.0; Nexus 5 Build/MRA58N) AppleWebKit/537.36 (KHTML, like Gecko) Chrome/133.0.0.0 Mobile Safari/537.36"}
{"level":"error","message":"verifyAuth error: req.csrfToken is not a function","stack":"TypeError: req.csrfToken is not a function\n    at /Users/deepakrathore/Projects/staking-evm-bridge/backend/src/controllers/authController.ts:51:27\n    at Generator.next (<anonymous>)\n    at fulfilled (/Users/deepakrathore/Projects/staking-evm-bridge/backend/src/controllers/authController.ts:5:58)\n    at processTicksAndRejections (node:internal/process/task_queues:95:5)","timestamp":"2025-03-16T10:26:36.791Z"}
{"duration":"108ms","ip":"::1","level":"info","message":"Access Log","method":"POST","status":500,"timestamp":"2025-03-16T10:26:36.791Z","url":"/api/auth/verify","userAgent":"Mozilla/5.0 (Linux; Android 6.0; Nexus 5 Build/MRA58N) AppleWebKit/537.36 (KHTML, like Gecko) Chrome/133.0.0.0 Mobile Safari/537.36"}
{"level":"info","message":"🚀 Server running on port 3010","timestamp":"2025-03-16T10:27:37.657Z"}
{"level":"info","message":"✅ MongoDB Connected","timestamp":"2025-03-16T10:27:38.009Z"}
{"duration":"3ms","ip":"::1","level":"info","message":"Access Log","method":"OPTIONS","status":204,"timestamp":"2025-03-16T10:27:45.367Z","url":"/api/auth/verify","userAgent":"Mozilla/5.0 (Linux; Android 6.0; Nexus 5 Build/MRA58N) AppleWebKit/537.36 (KHTML, like Gecko) Chrome/133.0.0.0 Mobile Safari/537.36"}
{"duration":"110ms","ip":"::1","level":"info","message":"Access Log","method":"POST","status":200,"timestamp":"2025-03-16T10:27:45.488Z","url":"/api/auth/verify","userAgent":"Mozilla/5.0 (Linux; Android 6.0; Nexus 5 Build/MRA58N) AppleWebKit/537.36 (KHTML, like Gecko) Chrome/133.0.0.0 Mobile Safari/537.36"}
{"level":"info","message":"🚀 Server running on port 3010","timestamp":"2025-03-16T10:29:24.466Z"}
{"level":"info","message":"✅ MongoDB Connected","timestamp":"2025-03-16T10:29:24.811Z"}
{"duration":"2ms","ip":"::1","level":"info","message":"Access Log","method":"OPTIONS","status":204,"timestamp":"2025-03-16T10:29:53.849Z","url":"/api/auth/verify","userAgent":"Mozilla/5.0 (Linux; Android 6.0; Nexus 5 Build/MRA58N) AppleWebKit/537.36 (KHTML, like Gecko) Chrome/133.0.0.0 Mobile Safari/537.36"}
{"duration":"127ms","ip":"::1","level":"info","message":"Access Log","method":"POST","status":200,"timestamp":"2025-03-16T10:29:53.981Z","url":"/api/auth/verify","userAgent":"Mozilla/5.0 (Linux; Android 6.0; Nexus 5 Build/MRA58N) AppleWebKit/537.36 (KHTML, like Gecko) Chrome/133.0.0.0 Mobile Safari/537.36"}
{"duration":"0ms","ip":"::1","level":"info","message":"Access Log","method":"OPTIONS","status":204,"timestamp":"2025-03-16T10:30:47.605Z","url":"/api/auth/verify","userAgent":"Mozilla/5.0 (Linux; Android 6.0; Nexus 5 Build/MRA58N) AppleWebKit/537.36 (KHTML, like Gecko) Chrome/133.0.0.0 Mobile Safari/537.36"}
{"duration":"1ms","ip":"::1","level":"info","message":"Access Log","method":"OPTIONS","status":204,"timestamp":"2025-03-16T10:31:07.223Z","url":"/api/auth/verify","userAgent":"Mozilla/5.0 (Linux; Android 6.0; Nexus 5 Build/MRA58N) AppleWebKit/537.36 (KHTML, like Gecko) Chrome/133.0.0.0 Mobile Safari/537.36"}
{"level":"info","message":"🚀 Server running on port 3010","timestamp":"2025-03-16T10:32:36.920Z"}
{"level":"info","message":"✅ MongoDB Connected","timestamp":"2025-03-16T10:32:37.208Z"}
{"duration":"4ms","ip":"::1","level":"info","message":"Access Log","method":"OPTIONS","status":204,"timestamp":"2025-03-16T10:32:56.119Z","url":"/api/auth/verify","userAgent":"Mozilla/5.0 (Linux; Android 6.0; Nexus 5 Build/MRA58N) AppleWebKit/537.36 (KHTML, like Gecko) Chrome/133.0.0.0 Mobile Safari/537.36"}
{"duration":"110ms","ip":"::1","level":"info","message":"Access Log","method":"POST","status":200,"timestamp":"2025-03-16T10:32:56.233Z","url":"/api/auth/verify","userAgent":"Mozilla/5.0 (Linux; Android 6.0; Nexus 5 Build/MRA58N) AppleWebKit/537.36 (KHTML, like Gecko) Chrome/133.0.0.0 Mobile Safari/537.36"}
{"level":"info","message":"🚀 Server running on port 3010","timestamp":"2025-03-16T10:42:02.096Z"}
{"level":"info","message":"✅ MongoDB Connected","timestamp":"2025-03-16T10:42:02.539Z"}
{"level":"info","message":"🚀 Server running on port 3010","timestamp":"2025-03-16T10:42:16.847Z"}
{"level":"info","message":"✅ MongoDB Connected","timestamp":"2025-03-16T10:42:17.150Z"}
{"level":"info","message":"🚀 Server running on port 3010","timestamp":"2025-03-16T10:42:59.068Z"}
{"level":"info","message":"✅ MongoDB Connected","timestamp":"2025-03-16T10:42:59.400Z"}
{"level":"info","message":"🚀 Server running on port 3010","timestamp":"2025-03-16T10:51:34.824Z"}
{"level":"info","message":"✅ MongoDB Connected","timestamp":"2025-03-16T10:51:35.148Z"}
{"level":"info","message":"🚀 Server running on port 3010","timestamp":"2025-03-16T10:52:28.540Z"}
{"level":"info","message":"✅ MongoDB Connected","timestamp":"2025-03-16T10:52:28.897Z"}
{"level":"info","message":"🚀 Server running on port 3010","timestamp":"2025-03-16T10:53:20.231Z"}
{"level":"info","message":"✅ MongoDB Connected","timestamp":"2025-03-16T10:53:21.035Z"}
{"level":"info","message":"🚀 Server running on port 3010","timestamp":"2025-03-16T11:01:57.654Z"}
{"level":"info","message":"✅ MongoDB Connected","timestamp":"2025-03-16T11:01:57.987Z"}
{"level":"info","message":"🚀 Server running on port 3010","timestamp":"2025-03-16T11:02:53.318Z"}
{"level":"info","message":"✅ MongoDB Connected","timestamp":"2025-03-16T11:02:53.664Z"}
{"level":"info","message":"🚀 Server running on port 3010","timestamp":"2025-03-16T11:04:08.445Z"}
{"level":"info","message":"✅ MongoDB Connected","timestamp":"2025-03-16T11:04:08.850Z"}
{"level":"info","message":"🚀 Server running on port 3010","timestamp":"2025-03-16T11:04:37.521Z"}
{"level":"info","message":"✅ MongoDB Connected","timestamp":"2025-03-16T11:04:37.880Z"}
{"level":"info","message":"🚀 Server running on port 3010","timestamp":"2025-03-16T11:07:39.300Z"}
{"level":"info","message":"✅ MongoDB Connected","timestamp":"2025-03-16T11:07:39.628Z"}
{"level":"info","message":"🚀 Server running on port 3010","timestamp":"2025-03-16T11:08:07.753Z"}
{"level":"info","message":"✅ MongoDB Connected","timestamp":"2025-03-16T11:08:08.075Z"}
{"level":"info","message":"🚀 Server running on port 3010","timestamp":"2025-03-16T11:08:10.981Z"}
{"level":"info","message":"✅ MongoDB Connected","timestamp":"2025-03-16T11:08:11.270Z"}
{"level":"info","message":"🚀 Server running on port 3010","timestamp":"2025-03-16T11:09:10.596Z"}
{"level":"info","message":"✅ MongoDB Connected","timestamp":"2025-03-16T11:09:10.913Z"}
{"level":"info","message":"🚀 Server running on port 3010","timestamp":"2025-03-16T11:09:19.621Z"}
{"level":"info","message":"✅ MongoDB Connected","timestamp":"2025-03-16T11:09:19.909Z"}
{"level":"info","message":"🚀 Server running on port 3010","timestamp":"2025-03-16T11:10:42.585Z"}
{"level":"info","message":"✅ MongoDB Connected","timestamp":"2025-03-16T11:10:42.919Z"}
{"level":"info","message":"🚀 Server running on port 3010","timestamp":"2025-03-16T11:11:05.140Z"}
{"level":"info","message":"✅ MongoDB Connected","timestamp":"2025-03-16T11:11:05.495Z"}
{"level":"info","message":"🚀 Server running on port 3010","timestamp":"2025-03-16T11:14:45.579Z"}
{"level":"info","message":"✅ MongoDB Connected","timestamp":"2025-03-16T11:14:45.893Z"}
{"level":"info","message":"🚀 Server running on port 3010","timestamp":"2025-03-16T11:16:19.027Z"}
{"level":"info","message":"✅ MongoDB Connected","timestamp":"2025-03-16T11:16:19.406Z"}
{"level":"info","message":"🚀 Server running on port 3010","timestamp":"2025-03-16T11:16:31.581Z"}
{"level":"info","message":"✅ MongoDB Connected","timestamp":"2025-03-16T11:16:31.977Z"}
{"level":"info","message":"🚀 Server running on port 3010","timestamp":"2025-03-16T11:20:47.869Z"}
{"level":"info","message":"✅ MongoDB Connected","timestamp":"2025-03-16T11:20:48.299Z"}
{"level":"info","message":"🚀 Server running on port 3010","timestamp":"2025-03-16T11:20:54.518Z"}
{"level":"info","message":"✅ MongoDB Connected","timestamp":"2025-03-16T11:20:54.836Z"}
{"level":"info","message":"🚀 Server running on port 3010","timestamp":"2025-03-16T11:20:56.481Z"}
{"level":"info","message":"✅ MongoDB Connected","timestamp":"2025-03-16T11:20:56.780Z"}
{"level":"info","message":"🚀 Server running on port 3010","timestamp":"2025-03-16T11:21:02.232Z"}
{"level":"info","message":"✅ MongoDB Connected","timestamp":"2025-03-16T11:21:02.536Z"}
{"level":"info","message":"🚀 Server running on port 3010","timestamp":"2025-03-16T11:23:05.027Z"}
{"level":"info","message":"✅ MongoDB Connected","timestamp":"2025-03-16T11:23:05.452Z"}
{"level":"info","message":"🚀 Server running on port 3010","timestamp":"2025-03-16T11:23:16.727Z"}
{"level":"info","message":"✅ MongoDB Connected","timestamp":"2025-03-16T11:23:17.051Z"}
{"level":"info","message":"🚀 Server running on port 3010","timestamp":"2025-03-16T11:23:59.834Z"}
{"level":"info","message":"✅ MongoDB Connected","timestamp":"2025-03-16T11:24:00.183Z"}
{"level":"info","message":"🚀 Server running on port 3010","timestamp":"2025-03-16T11:25:08.873Z"}
{"level":"info","message":"✅ MongoDB Connected","timestamp":"2025-03-16T11:25:09.292Z"}
{"level":"info","message":"🚀 Server running on port 3010","timestamp":"2025-03-16T11:25:36.920Z"}
{"level":"info","message":"✅ MongoDB Connected","timestamp":"2025-03-16T11:25:37.297Z"}
{"level":"info","message":"🚀 Server running on port 3010","timestamp":"2025-03-16T11:38:47.711Z"}
{"level":"info","message":"✅ MongoDB Connected","timestamp":"2025-03-16T11:38:48.234Z"}
{"level":"info","message":"🚀 Server running on port 3010","timestamp":"2025-03-16T11:39:31.897Z"}
{"level":"info","message":"✅ MongoDB Connected","timestamp":"2025-03-16T11:39:32.282Z"}
{"level":"info","message":"🚀 Server running on port 3010","timestamp":"2025-03-16T11:42:42.605Z"}
{"level":"info","message":"✅ MongoDB Connected","timestamp":"2025-03-16T11:42:43.455Z"}
{"level":"info","message":"🚀 Server running on port 3010","timestamp":"2025-03-16T11:42:49.358Z"}
{"level":"info","message":"✅ MongoDB Connected","timestamp":"2025-03-16T11:42:49.708Z"}
{"level":"info","message":"🚀 Server running on port 3010","timestamp":"2025-03-16T11:42:56.991Z"}
{"level":"info","message":"✅ MongoDB Connected","timestamp":"2025-03-16T11:42:57.495Z"}
{"level":"info","message":"🚀 Server running on port 3010","timestamp":"2025-03-16T11:51:34.809Z"}
{"level":"info","message":"✅ MongoDB Connected","timestamp":"2025-03-16T11:51:35.180Z"}
{"level":"info","message":"🚀 Server running on port 3010","timestamp":"2025-03-16T11:51:39.421Z"}
{"level":"info","message":"✅ MongoDB Connected","timestamp":"2025-03-16T11:51:39.829Z"}
{"level":"info","message":"🚀 Server running on port 3010","timestamp":"2025-03-16T11:59:34.358Z"}
{"level":"info","message":"✅ MongoDB Connected","timestamp":"2025-03-16T11:59:34.719Z"}
{"level":"info","message":"🚀 Server running on port 3010","timestamp":"2025-03-16T12:05:17.523Z"}
{"level":"info","message":"✅ MongoDB Connected","timestamp":"2025-03-16T12:05:17.902Z"}
{"level":"info","message":"🚀 Server running on port 3010","timestamp":"2025-03-16T12:06:09.591Z"}
{"level":"info","message":"✅ MongoDB Connected","timestamp":"2025-03-16T12:06:10.035Z"}
{"level":"info","message":"🚀 Server running on port 3010","timestamp":"2025-03-16T12:07:03.862Z"}
{"level":"info","message":"✅ MongoDB Connected","timestamp":"2025-03-16T12:07:04.373Z"}
{"level":"info","message":"🚀 Server running on port 3010","timestamp":"2025-03-16T12:12:21.531Z"}
{"level":"info","message":"✅ MongoDB Connected","timestamp":"2025-03-16T12:12:21.924Z"}
{"level":"info","message":"🚀 Server running on port 3010","timestamp":"2025-03-16T12:17:51.479Z"}
{"level":"info","message":"✅ MongoDB Connected","timestamp":"2025-03-16T12:17:51.939Z"}
{"level":"info","message":"🚀 Server running on port 3010","timestamp":"2025-03-16T12:18:29.285Z"}
{"level":"info","message":"✅ MongoDB Connected","timestamp":"2025-03-16T12:18:29.794Z"}
{"level":"info","message":"🚀 Server running on port 3010","timestamp":"2025-03-16T12:18:37.890Z"}
{"level":"info","message":"✅ MongoDB Connected","timestamp":"2025-03-16T12:18:38.296Z"}
{"level":"info","message":"🚀 Server running on port 3010","timestamp":"2025-03-16T12:27:03.630Z"}
{"level":"info","message":"✅ MongoDB Connected","timestamp":"2025-03-16T12:27:03.985Z"}
{"level":"info","message":"🚀 Server running on port 3010","timestamp":"2025-03-16T12:27:36.041Z"}
{"level":"info","message":"✅ MongoDB Connected","timestamp":"2025-03-16T12:27:36.424Z"}
{"level":"info","message":"Contract event listeners initialized","timestamp":"2025-03-16T12:29:00.464Z"}
{"level":"info","message":"🚀 Server running on port 3010","timestamp":"2025-03-16T12:29:00.467Z"}
{"level":"info","message":"✅ MongoDB Connected","timestamp":"2025-03-16T12:29:00.790Z"}
{"level":"info","message":"Contract event listeners initialized","timestamp":"2025-03-16T12:29:06.675Z"}
{"level":"info","message":"🚀 Server running on port 3010","timestamp":"2025-03-16T12:29:06.678Z"}
{"level":"info","message":"✅ MongoDB Connected","timestamp":"2025-03-16T12:29:07.009Z"}
{"level":"info","message":"Contract event listeners initialized","timestamp":"2025-03-16T12:30:08.276Z"}
{"level":"info","message":"🚀 Server running on port 3010","timestamp":"2025-03-16T12:30:08.280Z"}
{"level":"info","message":"✅ MongoDB Connected","timestamp":"2025-03-16T12:30:08.605Z"}
{"level":"info","message":"Contract event listeners initialized","timestamp":"2025-03-16T12:39:57.128Z"}
{"level":"info","message":"🚀 Server running on port 3010","timestamp":"2025-03-16T12:39:57.134Z"}
{"level":"info","message":"✅ MongoDB Connected","timestamp":"2025-03-16T12:39:57.407Z"}
{"level":"info","message":"Contract event listeners initialized","timestamp":"2025-03-16T12:40:02.410Z"}
{"level":"info","message":"🚀 Server running on port 3010","timestamp":"2025-03-16T12:40:02.414Z"}
{"level":"info","message":"✅ MongoDB Connected","timestamp":"2025-03-16T12:40:02.681Z"}
{"level":"info","message":"Contract event listeners initialized","timestamp":"2025-03-16T12:41:24.656Z"}
{"level":"info","message":"🚀 Server running on port 3010","timestamp":"2025-03-16T12:41:24.659Z"}
{"level":"info","message":"✅ MongoDB Connected","timestamp":"2025-03-16T12:41:24.939Z"}
{"level":"info","message":"WebSocket Provider Connected","timestamp":"2025-03-16T12:44:23.302Z"}
{"level":"info","message":"Listening to contract at: 0xDdE8D008f4D4845758D8D83737F5034491443900","timestamp":"2025-03-16T12:44:23.304Z"}
{"level":"info","message":"🚀 Server running on port 3010","timestamp":"2025-03-16T12:44:23.307Z"}
{"level":"info","message":"✅ MongoDB Connected","timestamp":"2025-03-16T12:44:23.630Z"}
{"level":"error","message":"Setup error: No contract found at specified address","stack":"Error: No contract found at specified address\n    at ContractEventService.<anonymous> (/Users/deepakrathore/Projects/staking-evm-bridge/backend/src/services/contractEventService.ts:32:15)\n    at Generator.next (<anonymous>)\n    at fulfilled (/Users/deepakrathore/Projects/staking-evm-bridge/backend/src/services/contractEventService.ts:5:58)\n    at processTicksAndRejections (node:internal/process/task_queues:95:5)","timestamp":"2025-03-16T12:44:24.303Z"}
{"level":"info","message":"WebSocket Provider Connected","timestamp":"2025-03-16T12:44:46.722Z"}
{"level":"info","message":"Listening to contract at: 0xDdE8D008f4D4845758D8D83737F5034491443900","timestamp":"2025-03-16T12:44:46.724Z"}
{"level":"info","message":"🚀 Server running on port 3010","timestamp":"2025-03-16T12:44:46.727Z"}
{"level":"info","message":"✅ MongoDB Connected","timestamp":"2025-03-16T12:44:47.029Z"}
{"level":"info","message":"Setting up event listeners...","timestamp":"2025-03-16T12:44:47.705Z"}
{"level":"info","message":"Contract event listeners initialized","timestamp":"2025-03-16T12:45:07.731Z"}
{"level":"info","message":"🚀 Server running on port 3010","timestamp":"2025-03-16T12:45:07.734Z"}
{"level":"info","message":"✅ MongoDB Connected","timestamp":"2025-03-16T12:45:08.006Z"}
{"level":"info","message":"Contract event listeners initialized","timestamp":"2025-03-16T12:45:14.792Z"}
{"level":"info","message":"🚀 Server running on port 3010","timestamp":"2025-03-16T12:45:14.795Z"}
{"level":"info","message":"✅ MongoDB Connected","timestamp":"2025-03-16T12:45:15.095Z"}
{"level":"info","message":"Contract event listeners initialized","timestamp":"2025-03-16T12:45:23.053Z"}
{"level":"info","message":"🚀 Server running on port 3010","timestamp":"2025-03-16T12:45:23.057Z"}
{"level":"info","message":"✅ MongoDB Connected","timestamp":"2025-03-16T12:45:23.363Z"}
{"level":"error","message":"Error saving stake event: stakeId.toNumber is not a function","stack":"TypeError: stakeId.toNumber is not a function\n    at ContractEventService.<anonymous> (/Users/deepakrathore/Projects/staking-evm-bridge/backend/src/services/contractEventService.ts:29:30)\n    at Generator.next (<anonymous>)\n    at /Users/deepakrathore/Projects/staking-evm-bridge/backend/src/services/contractEventService.ts:8:71\n    at new Promise (<anonymous>)\n    at __awaiter (/Users/deepakrathore/Projects/staking-evm-bridge/backend/src/services/contractEventService.ts:4:12)\n    at Proxy.<anonymous> (/Users/deepakrathore/Projects/staking-evm-bridge/backend/src/services/contractEventService.ts:26:63)\n    at /Users/deepakrathore/Projects/staking-evm-bridge/backend/node_modules/.pnpm/ethers@6.13.5/node_modules/ethers/src.ts/contract/contract.ts:617:22\n    at Array.filter (<anonymous>)\n    at _emit (/Users/deepakrathore/Projects/staking-evm-bridge/backend/node_modules/.pnpm/ethers@6.13.5/node_modules/ethers/src.ts/contract/contract.ts:611:35)\n    at processTicksAndRejections (node:internal/process/task_queues:95:5)","timestamp":"2025-03-16T12:45:43.286Z"}
{"level":"info","message":"Contract event listeners initialized","timestamp":"2025-03-16T12:48:01.231Z"}
{"level":"info","message":"🚀 Server running on port 3010","timestamp":"2025-03-16T12:48:01.234Z"}
{"level":"info","message":"✅ MongoDB Connected","timestamp":"2025-03-16T12:48:01.527Z"}
{"level":"info","message":"Contract event listeners initialized","timestamp":"2025-03-16T12:48:42.939Z"}
{"level":"info","message":"🚀 Server running on port 3010","timestamp":"2025-03-16T12:48:42.943Z"}
{"level":"info","message":"✅ MongoDB Connected","timestamp":"2025-03-16T12:48:43.391Z"}
{"level":"info","message":"Contract event listeners initialized","timestamp":"2025-03-16T12:48:55.585Z"}
{"level":"info","message":"🚀 Server running on port 3010","timestamp":"2025-03-16T12:48:55.588Z"}
{"level":"info","message":"✅ MongoDB Connected","timestamp":"2025-03-16T12:48:55.849Z"}
{"level":"info","message":"Contract event listeners initialized","timestamp":"2025-03-16T12:49:40.119Z"}
{"level":"info","message":"🚀 Server running on port 3010","timestamp":"2025-03-16T12:49:40.122Z"}
{"level":"info","message":"✅ MongoDB Connected","timestamp":"2025-03-16T12:49:40.411Z"}
{"level":"error","message":"Error saving stake event: stakeId.toNumber is not a function","stack":"TypeError: stakeId.toNumber is not a function\n    at ContractEventService.<anonymous> (/Users/deepakrathore/Projects/staking-evm-bridge/backend/src/services/contractEventService.ts:29:30)\n    at Generator.next (<anonymous>)\n    at /Users/deepakrathore/Projects/staking-evm-bridge/backend/src/services/contractEventService.ts:8:71\n    at new Promise (<anonymous>)\n    at __awaiter (/Users/deepakrathore/Projects/staking-evm-bridge/backend/src/services/contractEventService.ts:4:12)\n    at Proxy.<anonymous> (/Users/deepakrathore/Projects/staking-evm-bridge/backend/src/services/contractEventService.ts:26:63)\n    at /Users/deepakrathore/Projects/staking-evm-bridge/backend/node_modules/.pnpm/ethers@6.13.5/node_modules/ethers/src.ts/contract/contract.ts:617:22\n    at Array.filter (<anonymous>)\n    at _emit (/Users/deepakrathore/Projects/staking-evm-bridge/backend/node_modules/.pnpm/ethers@6.13.5/node_modules/ethers/src.ts/contract/contract.ts:611:35)\n    at processTicksAndRejections (node:internal/process/task_queues:95:5)","timestamp":"2025-03-16T12:50:17.219Z"}
{"level":"info","message":"Contract event listeners initialized","timestamp":"2025-03-16T12:51:15.931Z"}
{"level":"info","message":"🚀 Server running on port 3010","timestamp":"2025-03-16T12:51:15.936Z"}
{"level":"info","message":"✅ MongoDB Connected","timestamp":"2025-03-16T12:51:16.222Z"}
{"_message":"Transaction validation failed","errors":{"blockNumber":{"kind":"required","message":"Path `blockNumber` is required.","name":"ValidatorError","path":"blockNumber","properties":{"message":"Path `blockNumber` is required.","path":"blockNumber","type":"required"}},"txHash":{"kind":"required","message":"Path `txHash` is required.","name":"ValidatorError","path":"txHash","properties":{"message":"Path `txHash` is required.","path":"txHash","type":"required"}}},"level":"error","message":"Error saving stake event: Transaction validation failed: txHash: Path `txHash` is required., blockNumber: Path `blockNumber` is required.","stack":"ValidationError: Transaction validation failed: txHash: Path `txHash` is required., blockNumber: Path `blockNumber` is required.\n    at model.Document.invalidate (/Users/deepakrathore/Projects/staking-evm-bridge/backend/node_modules/.pnpm/mongoose@8.12.1/node_modules/mongoose/lib/document.js:3329:32)\n    at /Users/deepakrathore/Projects/staking-evm-bridge/backend/node_modules/.pnpm/mongoose@8.12.1/node_modules/mongoose/lib/document.js:3090:17\n    at /Users/deepakrathore/Projects/staking-evm-bridge/backend/node_modules/.pnpm/mongoose@8.12.1/node_modules/mongoose/lib/schemaType.js:1407:9\n    at processTicksAndRejections (node:internal/process/task_queues:77:11)","timestamp":"2025-03-16T12:51:23.292Z"}
{"level":"info","message":"Contract event listeners initialized","timestamp":"2025-03-16T12:52:41.081Z"}
{"level":"info","message":"🚀 Server running on port 3010","timestamp":"2025-03-16T12:52:41.084Z"}
{"level":"info","message":"✅ MongoDB Connected","timestamp":"2025-03-16T12:52:41.359Z"}
{"level":"info","message":"Stake event saved: 0x1fd2faefb819ed5f928f72e5a605a8e93f8d634d9775030453a4719c63f6341f","timestamp":"2025-03-16T12:52:49.436Z"}
{"level":"info","message":"Stake event saved: 0x83c7615700e2be900634c236350a01c6efaf696c7965bb4ace9a566d25bf0c77","timestamp":"2025-03-16T12:54:57.481Z"}
{"level":"info","message":"Contract event listeners initialized","timestamp":"2025-03-16T12:57:39.055Z"}
{"level":"info","message":"🚀 Server running on port 3010","timestamp":"2025-03-16T12:57:39.059Z"}
{"level":"info","message":"✅ MongoDB Connected","timestamp":"2025-03-16T12:57:39.366Z"}
{"level":"info","message":"Contract event listeners initialized","timestamp":"2025-03-16T12:57:44.400Z"}
{"level":"info","message":"🚀 Server running on port 3010","timestamp":"2025-03-16T12:57:44.403Z"}
{"level":"info","message":"✅ MongoDB Connected","timestamp":"2025-03-16T12:57:44.752Z"}
{"level":"info","message":"Contract event listeners initialized","timestamp":"2025-03-16T12:57:50.537Z"}
{"level":"info","message":"🚀 Server running on port 3010","timestamp":"2025-03-16T12:57:50.540Z"}
{"level":"info","message":"✅ MongoDB Connected","timestamp":"2025-03-16T12:57:50.873Z"}
{"level":"info","message":"Contract event listeners initialized","timestamp":"2025-03-16T12:58:33.026Z"}
{"level":"info","message":"🚀 Server running on port 3010","timestamp":"2025-03-16T12:58:33.029Z"}
{"level":"info","message":"✅ MongoDB Connected","timestamp":"2025-03-16T12:58:33.317Z"}
{"level":"info","message":"Contract event listeners initialized","timestamp":"2025-03-16T13:48:56.696Z"}
{"level":"info","message":"🚀 Server running on port 3010","timestamp":"2025-03-16T13:48:56.701Z"}
{"level":"info","message":"✅ MongoDB Connected","timestamp":"2025-03-16T13:48:57.000Z"}
{"level":"info","message":"Contract event listeners initialized","timestamp":"2025-03-16T13:50:10.832Z"}
{"level":"info","message":"🚀 Server running on port 3010","timestamp":"2025-03-16T13:50:10.837Z"}
{"level":"info","message":"✅ MongoDB Connected","timestamp":"2025-03-16T13:50:11.116Z"}
{"level":"info","message":"Contract event listeners initialized","timestamp":"2025-03-16T13:50:28.861Z"}
{"level":"info","message":"🚀 Server running on port 3010","timestamp":"2025-03-16T13:50:28.864Z"}
{"level":"info","message":"✅ MongoDB Connected","timestamp":"2025-03-16T13:50:29.128Z"}
{"level":"info","message":"Stake event saved: 0x00136b2e2421a9cdfc21a35deb3b0952d6b4397e87999029c3392d2d315302d1","timestamp":"2025-03-16T13:50:43.266Z"}
{"level":"info","message":"Contract event listeners initialized","timestamp":"2025-03-16T13:51:01.021Z"}
{"level":"info","message":"🚀 Server running on port 3010","timestamp":"2025-03-16T13:51:01.030Z"}
{"level":"info","message":"✅ MongoDB Connected","timestamp":"2025-03-16T13:51:01.322Z"}
{"level":"info","message":"Contract event listeners initialized","timestamp":"2025-03-16T13:51:25.036Z"}
{"level":"info","message":"🚀 Server running on port 3010","timestamp":"2025-03-16T13:51:25.040Z"}
{"level":"info","message":"✅ MongoDB Connected","timestamp":"2025-03-16T13:51:25.352Z"}
{"level":"info","message":"Contract event listeners initialized","timestamp":"2025-03-16T13:52:47.915Z"}
{"level":"info","message":"🚀 Server running on port 3010","timestamp":"2025-03-16T13:52:47.918Z"}
{"level":"info","message":"✅ MongoDB Connected","timestamp":"2025-03-16T13:52:48.197Z"}
{"level":"info","message":"Stake event saved: 0xca800016566c8ee5b62f5f16ca19d4b6e95ea76a4993823a0e8db27afbfe105f","timestamp":"2025-03-16T13:52:57.183Z"}
{"level":"info","message":"Contract event listeners initialized","timestamp":"2025-03-16T13:54:19.573Z"}
{"level":"info","message":"🚀 Server running on port 3010","timestamp":"2025-03-16T13:54:19.576Z"}
{"level":"info","message":"✅ MongoDB Connected","timestamp":"2025-03-16T13:54:19.877Z"}
{"level":"info","message":"Contract event listeners initialized","timestamp":"2025-03-16T13:54:28.990Z"}
{"level":"info","message":"🚀 Server running on port 3010","timestamp":"2025-03-16T13:54:28.993Z"}
{"level":"info","message":"✅ MongoDB Connected","timestamp":"2025-03-16T13:54:29.243Z"}
{"level":"info","message":"Contract event listeners initialized","timestamp":"2025-03-16T14:26:29.485Z"}
{"level":"info","message":"🚀 Server running on port 3010","timestamp":"2025-03-16T14:26:29.492Z"}
{"level":"info","message":"✅ MongoDB Connected","timestamp":"2025-03-16T14:26:29.930Z"}
{"level":"info","message":"Contract event listeners initialized","timestamp":"2025-03-16T14:27:38.193Z"}
{"level":"info","message":"🚀 Server running on port 3010","timestamp":"2025-03-16T14:27:38.196Z"}
{"level":"info","message":"✅ MongoDB Connected","timestamp":"2025-03-16T14:27:38.476Z"}
{"level":"info","message":"Contract event listeners initialized","timestamp":"2025-03-16T14:27:55.971Z"}
{"level":"info","message":"🚀 Server running on port 3010","timestamp":"2025-03-16T14:27:55.974Z"}
{"level":"info","message":"✅ MongoDB Connected","timestamp":"2025-03-16T14:27:56.361Z"}
{"level":"info","message":"Contract event listeners initialized","timestamp":"2025-03-16T14:36:03.220Z"}
{"level":"info","message":"🚀 Server running on port 3010","timestamp":"2025-03-16T14:36:03.223Z"}
{"level":"info","message":"✅ MongoDB Connected","timestamp":"2025-03-16T14:36:03.499Z"}
{"level":"info","message":"Contract event listeners initialized","timestamp":"2025-03-16T14:38:01.339Z"}
{"level":"info","message":"🚀 Server running on port 3010","timestamp":"2025-03-16T14:38:01.343Z"}
{"level":"info","message":"✅ MongoDB Connected","timestamp":"2025-03-16T14:38:01.614Z"}
{"level":"info","message":"Contract event listeners initialized","timestamp":"2025-03-16T14:39:41.274Z"}
{"level":"info","message":"🚀 Server running on port 3010","timestamp":"2025-03-16T14:39:41.278Z"}
{"level":"info","message":"✅ MongoDB Connected","timestamp":"2025-03-16T14:39:41.574Z"}
{"level":"info","message":"Contract event listeners initialized","timestamp":"2025-03-16T14:39:47.944Z"}
{"level":"info","message":"🚀 Server running on port 3010","timestamp":"2025-03-16T14:39:47.947Z"}
{"level":"info","message":"✅ MongoDB Connected","timestamp":"2025-03-16T14:39:48.198Z"}
{"level":"info","message":"Contract event listeners initialized","timestamp":"2025-03-16T14:39:56.108Z"}
{"level":"info","message":"🚀 Server running on port 3010","timestamp":"2025-03-16T14:39:56.111Z"}
{"level":"info","message":"✅ MongoDB Connected","timestamp":"2025-03-16T14:39:56.375Z"}
{"level":"info","message":"Contract event listeners initialized","timestamp":"2025-03-16T14:41:57.757Z"}
{"level":"info","message":"🚀 Server running on port 3010","timestamp":"2025-03-16T14:41:57.760Z"}
{"level":"info","message":"✅ MongoDB Connected","timestamp":"2025-03-16T14:41:58.078Z"}
{"level":"info","message":"Contract event listeners initialized","timestamp":"2025-03-16T14:42:09.091Z"}
{"level":"info","message":"🚀 Server running on port 3010","timestamp":"2025-03-16T14:42:09.094Z"}
{"level":"info","message":"✅ MongoDB Connected","timestamp":"2025-03-16T14:42:09.362Z"}
{"level":"info","message":"Contract event listeners initialized","timestamp":"2025-03-16T14:42:23.098Z"}
{"level":"info","message":"🚀 Server running on port 3010","timestamp":"2025-03-16T14:42:23.101Z"}
{"level":"info","message":"✅ MongoDB Connected","timestamp":"2025-03-16T14:42:23.393Z"}
{"level":"info","message":"Contract event listeners initialized","timestamp":"2025-03-16T14:45:05.795Z"}
{"level":"info","message":"🚀 Server running on port 3010","timestamp":"2025-03-16T14:45:05.799Z"}
{"level":"info","message":"✅ MongoDB Connected","timestamp":"2025-03-16T14:45:06.183Z"}
{"level":"info","message":"Contract event listeners initialized","timestamp":"2025-03-16T14:49:08.280Z"}
{"level":"info","message":"🚀 Server running on port 3010","timestamp":"2025-03-16T14:49:08.287Z"}
{"level":"info","message":"Contract event listeners initialized","timestamp":"2025-03-16T14:49:10.513Z"}
{"level":"info","message":"🚀 Server running on port 3010","timestamp":"2025-03-16T14:49:10.516Z"}
{"level":"info","message":"✅ MongoDB Connected","timestamp":"2025-03-16T14:49:10.773Z"}
{"level":"info","message":"Contract event listeners initialized","timestamp":"2025-03-16T17:34:51.804Z"}
{"level":"info","message":"🚀 Server running on port 3010","timestamp":"2025-03-16T17:34:51.817Z"}
{"level":"info","message":"✅ MongoDB Connected","timestamp":"2025-03-16T17:34:52.162Z"}
{"duration":"2ms","ip":"::1","level":"info","message":"Access Log","method":"OPTIONS","status":204,"timestamp":"2025-03-16T17:35:19.217Z","url":"/api/auth/signout","userAgent":"Mozilla/5.0 (Macintosh; Intel Mac OS X 10_15_7) AppleWebKit/537.36 (KHTML, like Gecko) Chrome/133.0.0.0 Safari/537.36"}
{"duration":"19ms","ip":"::1","level":"info","message":"Access Log","method":"POST","status":200,"timestamp":"2025-03-16T17:35:19.238Z","url":"/api/auth/signout","userAgent":"Mozilla/5.0 (Macintosh; Intel Mac OS X 10_15_7) AppleWebKit/537.36 (KHTML, like Gecko) Chrome/133.0.0.0 Safari/537.36"}
{"duration":"1ms","ip":"::1","level":"info","message":"Access Log","method":"OPTIONS","status":204,"timestamp":"2025-03-16T17:36:06.263Z","url":"/api/auth/verify","userAgent":"Mozilla/5.0 (Macintosh; Intel Mac OS X 10_15_7) AppleWebKit/537.36 (KHTML, like Gecko) Chrome/133.0.0.0 Safari/537.36"}
{"duration":"154ms","ip":"::1","level":"info","message":"Access Log","method":"POST","status":200,"timestamp":"2025-03-16T17:36:06.419Z","url":"/api/auth/verify","userAgent":"Mozilla/5.0 (Macintosh; Intel Mac OS X 10_15_7) AppleWebKit/537.36 (KHTML, like Gecko) Chrome/133.0.0.0 Safari/537.36"}
{"_message":"Transaction validation failed","errors":{"stakeId":{"kind":"required","message":"Path `stakeId` is required.","name":"ValidatorError","path":"stakeId","properties":{"message":"Path `stakeId` is required.","path":"stakeId","type":"required"}}},"level":"error","message":"Error saving cross chain transfer event: Transaction validation failed: stakeId: Path `stakeId` is required.","stack":"ValidationError: Transaction validation failed: stakeId: Path `stakeId` is required.\n    at model.Document.invalidate (/Users/deepakrathore/Projects/staking-evm-bridge/backend/node_modules/.pnpm/mongoose@8.12.1/node_modules/mongoose/lib/document.js:3329:32)\n    at /Users/deepakrathore/Projects/staking-evm-bridge/backend/node_modules/.pnpm/mongoose@8.12.1/node_modules/mongoose/lib/document.js:3090:17\n    at /Users/deepakrathore/Projects/staking-evm-bridge/backend/node_modules/.pnpm/mongoose@8.12.1/node_modules/mongoose/lib/schemaType.js:1407:9\n    at processTicksAndRejections (node:internal/process/task_queues:77:11)","timestamp":"2025-03-16T17:36:55.095Z"}
{"level":"info","message":"Contract event listeners initialized","timestamp":"2025-03-16T17:40:42.508Z"}
{"level":"info","message":"🚀 Server running on port 3010","timestamp":"2025-03-16T17:40:42.517Z"}
{"level":"info","message":"Contract event listeners initialized","timestamp":"2025-03-16T17:40:44.077Z"}
{"level":"info","message":"🚀 Server running on port 3010","timestamp":"2025-03-16T17:40:44.080Z"}
{"level":"info","message":"✅ MongoDB Connected","timestamp":"2025-03-16T17:40:44.422Z"}
{"level":"error","message":"Error saving cross chain transfer event: Cannot read properties of undefined (reading 'toLowerCase')","stack":"TypeError: Cannot read properties of undefined (reading 'toLowerCase')\n    at ContractEventService.<anonymous> (/Users/deepakrathore/Projects/staking-evm-bridge/backend/src/services/contractEventService.ts:112:28)\n    at Generator.next (<anonymous>)\n    at /Users/deepakrathore/Projects/staking-evm-bridge/backend/src/services/contractEventService.ts:8:71\n    at new Promise (<anonymous>)\n    at __awaiter (/Users/deepakrathore/Projects/staking-evm-bridge/backend/src/services/contractEventService.ts:4:12)\n    at Proxy.<anonymous> (/Users/deepakrathore/Projects/staking-evm-bridge/backend/src/services/contractEventService.ts:108:11)\n    at /Users/deepakrathore/Projects/staking-evm-bridge/backend/node_modules/.pnpm/ethers@6.13.5/node_modules/ethers/src.ts/contract/contract.ts:617:22\n    at Array.filter (<anonymous>)\n    at _emit (/Users/deepakrathore/Projects/staking-evm-bridge/backend/node_modules/.pnpm/ethers@6.13.5/node_modules/ethers/src.ts/contract/contract.ts:611:35)\n    at processTicksAndRejections (node:internal/process/task_queues:95:5)","timestamp":"2025-03-16T17:41:13.178Z"}
{"level":"info","message":"Contract event listeners initialized","timestamp":"2025-03-16T17:42:18.523Z"}
{"level":"info","message":"🚀 Server running on port 3010","timestamp":"2025-03-16T17:42:18.527Z"}
{"level":"info","message":"✅ MongoDB Connected","timestamp":"2025-03-16T17:42:18.883Z"}
{"level":"error","message":"Error saving cross chain transfer event: Missing required parameters in event","stack":"Error: Missing required parameters in event\n    at ContractEventService.<anonymous> (/Users/deepakrathore/Projects/staking-evm-bridge/backend/src/services/contractEventService.ts:111:19)\n    at Generator.next (<anonymous>)\n    at /Users/deepakrathore/Projects/staking-evm-bridge/backend/src/services/contractEventService.ts:8:71\n    at new Promise (<anonymous>)\n    at __awaiter (/Users/deepakrathore/Projects/staking-evm-bridge/backend/src/services/contractEventService.ts:4:12)\n    at Proxy.<anonymous> (/Users/deepakrathore/Projects/staking-evm-bridge/backend/src/services/contractEventService.ts:108:11)\n    at /Users/deepakrathore/Projects/staking-evm-bridge/backend/node_modules/.pnpm/ethers@6.13.5/node_modules/ethers/src.ts/contract/contract.ts:617:22\n    at Array.filter (<anonymous>)\n    at _emit (/Users/deepakrathore/Projects/staking-evm-bridge/backend/node_modules/.pnpm/ethers@6.13.5/node_modules/ethers/src.ts/contract/contract.ts:611:35)\n    at processTicksAndRejections (node:internal/process/task_queues:95:5)","timestamp":"2025-03-16T17:42:39.207Z"}
{"level":"info","message":"Contract event listeners initialized","timestamp":"2025-03-16T17:43:22.283Z"}
{"level":"info","message":"🚀 Server running on port 3010","timestamp":"2025-03-16T17:43:22.286Z"}
{"level":"info","message":"✅ MongoDB Connected","timestamp":"2025-03-16T17:43:22.621Z"}
{"level":"info","message":"Contract event listeners initialized","timestamp":"2025-03-16T17:43:40.548Z"}
{"level":"info","message":"🚀 Server running on port 3010","timestamp":"2025-03-16T17:43:40.551Z"}
{"level":"info","message":"✅ MongoDB Connected","timestamp":"2025-03-16T17:43:41.266Z"}
{"level":"info","message":"Contract event listeners initialized","timestamp":"2025-03-16T17:44:40.792Z"}
{"level":"info","message":"🚀 Server running on port 3010","timestamp":"2025-03-16T17:44:40.796Z"}
{"level":"info","message":"✅ MongoDB Connected","timestamp":"2025-03-16T17:44:41.118Z"}
{"level":"info","message":"Contract event listeners initialized","timestamp":"2025-03-16T17:44:44.508Z"}
{"level":"info","message":"🚀 Server running on port 3010","timestamp":"2025-03-16T17:44:44.511Z"}
{"level":"info","message":"✅ MongoDB Connected","timestamp":"2025-03-16T17:44:44.854Z"}
{"level":"info","message":"Contract event listeners initialized","timestamp":"2025-03-16T17:44:59.756Z"}
{"level":"info","message":"🚀 Server running on port 3010","timestamp":"2025-03-16T17:44:59.760Z"}
{"level":"info","message":"✅ MongoDB Connected","timestamp":"2025-03-16T17:45:00.098Z"}
{"level":"info","message":"Contract event listeners initialized","timestamp":"2025-03-16T17:45:21.771Z"}
{"level":"info","message":"🚀 Server running on port 3010","timestamp":"2025-03-16T17:45:21.775Z"}
{"level":"info","message":"✅ MongoDB Connected","timestamp":"2025-03-16T17:45:22.103Z"}
{"level":"info","message":"Contract event listeners initialized","timestamp":"2025-03-16T17:45:28.169Z"}
{"level":"info","message":"🚀 Server running on port 3010","timestamp":"2025-03-16T17:45:28.172Z"}
{"level":"info","message":"✅ MongoDB Connected","timestamp":"2025-03-16T17:45:28.541Z"}
{"level":"info","message":"Contract event listeners initialized","timestamp":"2025-03-16T17:45:31.417Z"}
{"level":"info","message":"🚀 Server running on port 3010","timestamp":"2025-03-16T17:45:31.420Z"}
{"level":"info","message":"✅ MongoDB Connected","timestamp":"2025-03-16T17:45:31.754Z"}
{"level":"info","message":"Contract event listeners initialized","timestamp":"2025-03-16T17:45:40.538Z"}
{"level":"info","message":"🚀 Server running on port 3010","timestamp":"2025-03-16T17:45:40.541Z"}
{"level":"info","message":"✅ MongoDB Connected","timestamp":"2025-03-16T17:45:43.894Z"}
{"level":"info","message":"Contract event listeners initialized","timestamp":"2025-03-16T17:46:30.251Z"}
{"level":"info","message":"🚀 Server running on port 3010","timestamp":"2025-03-16T17:46:30.255Z"}
{"level":"info","message":"✅ MongoDB Connected","timestamp":"2025-03-16T17:46:30.594Z"}
{"duration":"3ms","ip":"::1","level":"info","message":"Access Log","method":"OPTIONS","status":204,"timestamp":"2025-03-16T17:49:21.142Z","url":"/api/auth/signout","userAgent":"Mozilla/5.0 (Macintosh; Intel Mac OS X 10_15_7) AppleWebKit/537.36 (KHTML, like Gecko) Chrome/133.0.0.0 Safari/537.36"}
{"duration":"0ms","ip":"::1","level":"info","message":"Access Log","method":"OPTIONS","status":204,"timestamp":"2025-03-16T17:49:21.148Z","url":"/api/auth/signout","userAgent":"Mozilla/5.0 (Macintosh; Intel Mac OS X 10_15_7) AppleWebKit/537.36 (KHTML, like Gecko) Chrome/133.0.0.0 Safari/537.36"}
{"duration":"30ms","ip":"::1","level":"info","message":"Access Log","method":"POST","status":200,"timestamp":"2025-03-16T17:49:21.181Z","url":"/api/auth/signout","userAgent":"Mozilla/5.0 (Macintosh; Intel Mac OS X 10_15_7) AppleWebKit/537.36 (KHTML, like Gecko) Chrome/133.0.0.0 Safari/537.36"}
{"duration":"1ms","ip":"::1","level":"info","message":"Access Log","method":"POST","status":200,"timestamp":"2025-03-16T17:49:21.185Z","url":"/api/auth/signout","userAgent":"Mozilla/5.0 (Macintosh; Intel Mac OS X 10_15_7) AppleWebKit/537.36 (KHTML, like Gecko) Chrome/133.0.0.0 Safari/537.36"}
{"duration":"0ms","ip":"::1","level":"info","message":"Access Log","method":"OPTIONS","status":204,"timestamp":"2025-03-16T17:49:33.703Z","url":"/api/auth/verify","userAgent":"Mozilla/5.0 (Macintosh; Intel Mac OS X 10_15_7) AppleWebKit/537.36 (KHTML, like Gecko) Chrome/133.0.0.0 Safari/537.36"}
{"duration":"113ms","ip":"::1","level":"info","message":"Access Log","method":"POST","status":200,"timestamp":"2025-03-16T17:49:33.818Z","url":"/api/auth/verify","userAgent":"Mozilla/5.0 (Macintosh; Intel Mac OS X 10_15_7) AppleWebKit/537.36 (KHTML, like Gecko) Chrome/133.0.0.0 Safari/537.36"}
{"duration":"62ms","ip":"::1","level":"info","message":"Access Log","method":"POST","status":200,"timestamp":"2025-03-16T17:49:35.487Z","url":"/api/auth/verify","userAgent":"Mozilla/5.0 (Linux; Android 6.0; Nexus 5 Build/MRA58N) AppleWebKit/537.36 (KHTML, like Gecko) Chrome/133.0.0.0 Mobile Safari/537.36"}
{"level":"info","message":"Contract event listeners initialized","timestamp":"2025-03-16T17:56:16.168Z"}
{"level":"info","message":"🚀 Server running on port 3010","timestamp":"2025-03-16T17:56:16.172Z"}
