{"level":"info","message":"🚀 Server running on port 3010","timestamp":"2025-03-16T07:47:28.802Z"}
{"level":"info","message":"✅ MongoDB Connected","timestamp":"2025-03-16T07:47:29.251Z"}
{"level":"info","message":"🚀 Server running on port 3010","timestamp":"2025-03-16T07:52:06.400Z"}
{"level":"info","message":"✅ MongoDB Connected","timestamp":"2025-03-16T07:52:06.876Z"}
{"level":"info","message":"🚀 Server running on port 3010","timestamp":"2025-03-16T07:52:12.176Z"}
{"level":"info","message":"✅ MongoDB Connected","timestamp":"2025-03-16T07:52:12.512Z"}
{"level":"info","message":"🚀 Server running on port 3010","timestamp":"2025-03-16T07:57:54.603Z"}
{"level":"info","message":"✅ MongoDB Connected","timestamp":"2025-03-16T07:57:55.024Z"}
{"level":"info","message":"🚀 Server running on port 3010","timestamp":"2025-03-16T08:02:26.296Z"}
{"level":"info","message":"✅ MongoDB Connected","timestamp":"2025-03-16T08:02:26.661Z"}
{"level":"info","message":"🚀 Server running on port 3010","timestamp":"2025-03-16T08:02:46.064Z"}
{"level":"info","message":"✅ MongoDB Connected","timestamp":"2025-03-16T08:02:46.382Z"}
{"level":"info","message":"🚀 Server running on port 3010","timestamp":"2025-03-16T08:17:01.138Z"}
{"level":"info","message":"✅ MongoDB Connected","timestamp":"2025-03-16T08:17:04.040Z"}
{"level":"info","message":"🚀 Server running on port 3010","timestamp":"2025-03-16T08:18:28.561Z"}
{"level":"info","message":"✅ MongoDB Connected","timestamp":"2025-03-16T08:18:28.911Z"}
{"level":"info","message":"🚀 Server running on port 3010","timestamp":"2025-03-16T08:18:56.173Z"}
{"level":"info","message":"✅ MongoDB Connected","timestamp":"2025-03-16T08:18:56.546Z"}
{"level":"info","message":"🚀 Server running on port 3010","timestamp":"2025-03-16T08:19:10.366Z"}
{"level":"info","message":"✅ MongoDB Connected","timestamp":"2025-03-16T08:19:10.672Z"}
{"level":"info","message":"🚀 Server running on port 3010","timestamp":"2025-03-16T08:30:09.479Z"}
{"level":"info","message":"✅ MongoDB Connected","timestamp":"2025-03-16T08:30:09.787Z"}
{"level":"info","message":"🚀 Server running on port 3010","timestamp":"2025-03-16T08:50:50.970Z"}
{"level":"info","message":"✅ MongoDB Connected","timestamp":"2025-03-16T08:50:51.696Z"}
{"level":"info","message":"🚀 Server running on port 3010","timestamp":"2025-03-16T08:51:35.404Z"}
{"level":"info","message":"✅ MongoDB Connected","timestamp":"2025-03-16T08:51:35.887Z"}
{"level":"info","message":"🚀 Server running on port 3010","timestamp":"2025-03-16T09:26:22.233Z"}
{"level":"info","message":"✅ MongoDB Connected","timestamp":"2025-03-16T09:26:22.676Z"}
{"level":"info","message":"🚀 Server running on port 3010","timestamp":"2025-03-16T09:26:55.421Z"}
{"level":"info","message":"✅ MongoDB Connected","timestamp":"2025-03-16T09:26:55.719Z"}
{"level":"info","message":"🚀 Server running on port 3010","timestamp":"2025-03-16T09:48:47.751Z"}
{"level":"info","message":"✅ MongoDB Connected","timestamp":"2025-03-16T09:48:48.075Z"}
{"level":"info","message":"🚀 Server running on port 3010","timestamp":"2025-03-16T09:49:16.613Z"}
{"level":"info","message":"✅ MongoDB Connected","timestamp":"2025-03-16T09:49:17.032Z"}
{"level":"info","message":"🚀 Server running on port 3010","timestamp":"2025-03-16T09:49:25.019Z"}
{"level":"info","message":"✅ MongoDB Connected","timestamp":"2025-03-16T09:49:25.317Z"}
{"level":"info","message":"🚀 Server running on port 3010","timestamp":"2025-03-16T09:49:36.650Z"}
{"level":"info","message":"✅ MongoDB Connected","timestamp":"2025-03-16T09:49:36.982Z"}
{"level":"info","message":"🚀 Server running on port 3010","timestamp":"2025-03-16T09:49:45.809Z"}
{"level":"info","message":"✅ MongoDB Connected","timestamp":"2025-03-16T09:49:46.139Z"}
{"level":"info","message":"🚀 Server running on port 3010","timestamp":"2025-03-16T09:50:02.946Z"}
{"level":"info","message":"✅ MongoDB Connected","timestamp":"2025-03-16T09:50:03.236Z"}
{"duration":"9ms","ip":"::1","level":"info","message":"Access Log","method":"OPTIONS","status":204,"timestamp":"2025-03-16T10:24:55.839Z","url":"/api/auth/verify","userAgent":"Mozilla/5.0 (Linux; Android 6.0; Nexus 5 Build/MRA58N) AppleWebKit/537.36 (KHTML, like Gecko) Chrome/133.0.0.0 Mobile Safari/537.36"}
{"level":"warn","message":"Invalid signature attempt for address: 0xb87d7543E47cD48c2987A3Ab545Da1ddE6c18A7c","timestamp":"2025-03-16T10:24:56.470Z"}
{"duration":"622ms","ip":"::1","level":"info","message":"Access Log","method":"POST","status":401,"timestamp":"2025-03-16T10:24:56.473Z","url":"/api/auth/verify","userAgent":"Mozilla/5.0 (Linux; Android 6.0; Nexus 5 Build/MRA58N) AppleWebKit/537.36 (KHTML, like Gecko) Chrome/133.0.0.0 Mobile Safari/537.36"}
{"duration":"1ms","ip":"::1","level":"info","message":"Access Log","method":"OPTIONS","status":204,"timestamp":"2025-03-16T10:26:36.676Z","url":"/api/auth/verify","userAgent":"Mozilla/5.0 (Linux; Android 6.0; Nexus 5 Build/MRA58N) AppleWebKit/537.36 (KHTML, like Gecko) Chrome/133.0.0.0 Mobile Safari/537.36"}
{"level":"error","message":"verifyAuth error: req.csrfToken is not a function","stack":"TypeError: req.csrfToken is not a function\n    at /Users/deepakrathore/Projects/staking-evm-bridge/backend/src/controllers/authController.ts:51:27\n    at Generator.next (<anonymous>)\n    at fulfilled (/Users/deepakrathore/Projects/staking-evm-bridge/backend/src/controllers/authController.ts:5:58)\n    at processTicksAndRejections (node:internal/process/task_queues:95:5)","timestamp":"2025-03-16T10:26:36.791Z"}
{"duration":"108ms","ip":"::1","level":"info","message":"Access Log","method":"POST","status":500,"timestamp":"2025-03-16T10:26:36.791Z","url":"/api/auth/verify","userAgent":"Mozilla/5.0 (Linux; Android 6.0; Nexus 5 Build/MRA58N) AppleWebKit/537.36 (KHTML, like Gecko) Chrome/133.0.0.0 Mobile Safari/537.36"}
{"level":"info","message":"🚀 Server running on port 3010","timestamp":"2025-03-16T10:27:37.657Z"}
{"level":"info","message":"✅ MongoDB Connected","timestamp":"2025-03-16T10:27:38.009Z"}
{"duration":"3ms","ip":"::1","level":"info","message":"Access Log","method":"OPTIONS","status":204,"timestamp":"2025-03-16T10:27:45.367Z","url":"/api/auth/verify","userAgent":"Mozilla/5.0 (Linux; Android 6.0; Nexus 5 Build/MRA58N) AppleWebKit/537.36 (KHTML, like Gecko) Chrome/133.0.0.0 Mobile Safari/537.36"}
{"duration":"110ms","ip":"::1","level":"info","message":"Access Log","method":"POST","status":200,"timestamp":"2025-03-16T10:27:45.488Z","url":"/api/auth/verify","userAgent":"Mozilla/5.0 (Linux; Android 6.0; Nexus 5 Build/MRA58N) AppleWebKit/537.36 (KHTML, like Gecko) Chrome/133.0.0.0 Mobile Safari/537.36"}
{"level":"info","message":"🚀 Server running on port 3010","timestamp":"2025-03-16T10:29:24.466Z"}
{"level":"info","message":"✅ MongoDB Connected","timestamp":"2025-03-16T10:29:24.811Z"}
{"duration":"2ms","ip":"::1","level":"info","message":"Access Log","method":"OPTIONS","status":204,"timestamp":"2025-03-16T10:29:53.849Z","url":"/api/auth/verify","userAgent":"Mozilla/5.0 (Linux; Android 6.0; Nexus 5 Build/MRA58N) AppleWebKit/537.36 (KHTML, like Gecko) Chrome/133.0.0.0 Mobile Safari/537.36"}
{"duration":"127ms","ip":"::1","level":"info","message":"Access Log","method":"POST","status":200,"timestamp":"2025-03-16T10:29:53.981Z","url":"/api/auth/verify","userAgent":"Mozilla/5.0 (Linux; Android 6.0; Nexus 5 Build/MRA58N) AppleWebKit/537.36 (KHTML, like Gecko) Chrome/133.0.0.0 Mobile Safari/537.36"}
{"duration":"0ms","ip":"::1","level":"info","message":"Access Log","method":"OPTIONS","status":204,"timestamp":"2025-03-16T10:30:47.605Z","url":"/api/auth/verify","userAgent":"Mozilla/5.0 (Linux; Android 6.0; Nexus 5 Build/MRA58N) AppleWebKit/537.36 (KHTML, like Gecko) Chrome/133.0.0.0 Mobile Safari/537.36"}
{"duration":"1ms","ip":"::1","level":"info","message":"Access Log","method":"OPTIONS","status":204,"timestamp":"2025-03-16T10:31:07.223Z","url":"/api/auth/verify","userAgent":"Mozilla/5.0 (Linux; Android 6.0; Nexus 5 Build/MRA58N) AppleWebKit/537.36 (KHTML, like Gecko) Chrome/133.0.0.0 Mobile Safari/537.36"}
{"level":"info","message":"🚀 Server running on port 3010","timestamp":"2025-03-16T10:32:36.920Z"}
{"level":"info","message":"✅ MongoDB Connected","timestamp":"2025-03-16T10:32:37.208Z"}
{"duration":"4ms","ip":"::1","level":"info","message":"Access Log","method":"OPTIONS","status":204,"timestamp":"2025-03-16T10:32:56.119Z","url":"/api/auth/verify","userAgent":"Mozilla/5.0 (Linux; Android 6.0; Nexus 5 Build/MRA58N) AppleWebKit/537.36 (KHTML, like Gecko) Chrome/133.0.0.0 Mobile Safari/537.36"}
{"duration":"110ms","ip":"::1","level":"info","message":"Access Log","method":"POST","status":200,"timestamp":"2025-03-16T10:32:56.233Z","url":"/api/auth/verify","userAgent":"Mozilla/5.0 (Linux; Android 6.0; Nexus 5 Build/MRA58N) AppleWebKit/537.36 (KHTML, like Gecko) Chrome/133.0.0.0 Mobile Safari/537.36"}
{"level":"info","message":"🚀 Server running on port 3010","timestamp":"2025-03-16T10:42:02.096Z"}
{"level":"info","message":"✅ MongoDB Connected","timestamp":"2025-03-16T10:42:02.539Z"}
{"level":"info","message":"🚀 Server running on port 3010","timestamp":"2025-03-16T10:42:16.847Z"}
{"level":"info","message":"✅ MongoDB Connected","timestamp":"2025-03-16T10:42:17.150Z"}
{"level":"info","message":"🚀 Server running on port 3010","timestamp":"2025-03-16T10:42:59.068Z"}
{"level":"info","message":"✅ MongoDB Connected","timestamp":"2025-03-16T10:42:59.400Z"}
{"level":"info","message":"🚀 Server running on port 3010","timestamp":"2025-03-16T10:51:34.824Z"}
{"level":"info","message":"✅ MongoDB Connected","timestamp":"2025-03-16T10:51:35.148Z"}
{"level":"info","message":"🚀 Server running on port 3010","timestamp":"2025-03-16T10:52:28.540Z"}
{"level":"info","message":"✅ MongoDB Connected","timestamp":"2025-03-16T10:52:28.897Z"}
{"level":"info","message":"🚀 Server running on port 3010","timestamp":"2025-03-16T10:53:20.231Z"}
{"level":"info","message":"✅ MongoDB Connected","timestamp":"2025-03-16T10:53:21.035Z"}
